2025-06-03 08:29:14,985 | INFO | 🔄 Starting run 1/20
2025-06-03 08:29:14,985 | INFO | 📡 Running token fetcher...
2025-06-03 08:29:19,989 | INFO | 🚀 Starting tracker...
2025-06-03 08:29:19,993 | INFO | ✅ Run 1 initiated successfully
2025-06-03 08:30:19,994 | INFO | 📊 Active trackers: 1
2025-06-03 08:30:19,995 | INFO | 🔄 Starting run 2/20
2025-06-03 08:30:19,995 | INFO | 📡 Running token fetcher...
2025-06-03 08:30:24,998 | INFO | 🚀 Starting tracker...
2025-06-03 08:30:24,999 | INFO | ✅ Run 2 initiated successfully
2025-06-03 08:31:25,000 | INFO | 📊 Active trackers: 2
2025-06-03 08:31:25,001 | INFO | 🔄 Starting run 3/20
2025-06-03 08:31:25,001 | INFO | 📡 Running token fetcher...
2025-06-03 08:31:32,370 | INFO | 🚀 Starting tracker...
2025-06-03 08:31:32,372 | INFO | ✅ Run 3 initiated successfully
2025-06-03 08:32:32,373 | INFO | 📊 Active trackers: 3
2025-06-03 08:32:32,374 | INFO | 🔄 Starting run 4/20
2025-06-03 08:32:32,374 | INFO | 📡 Running token fetcher...
2025-06-03 08:32:37,378 | INFO | 🚀 Starting tracker...
2025-06-03 08:32:37,382 | INFO | ✅ Run 4 initiated successfully
2025-06-03 08:33:37,386 | INFO | 📊 Active trackers: 4
2025-06-03 08:33:37,388 | INFO | 🔄 Starting run 5/20
2025-06-03 08:33:37,388 | INFO | 📡 Running token fetcher...
2025-06-03 08:33:42,393 | INFO | 🚀 Starting tracker...
2025-06-03 08:33:42,400 | INFO | ✅ Run 5 initiated successfully
2025-06-03 08:34:42,401 | INFO | 📊 Active trackers: 4
2025-06-03 08:34:42,402 | INFO | 🔄 Starting run 6/20
2025-06-03 08:34:42,403 | INFO | 📡 Running token fetcher...
2025-06-03 08:34:50,641 | INFO | 🚀 Starting tracker...
2025-06-03 08:34:50,644 | INFO | ✅ Run 6 initiated successfully
2025-06-03 08:35:29,533 | INFO | 📈 Completed 6 runs
2025-06-03 08:35:29,533 | INFO | 🔄 5 trackers still running
