2025-06-08 00:17:50,068 | INFO | 🚀 spawn tracker 7cLHSqEt
2025-06-08 00:17:50,073 | INFO | 🚀 spawn tracker HsCFdWkT
2025-06-08 00:17:50,076 | INFO | 🚀 spawn tracker 3ZyKtZ2H
2025-06-08 00:17:50,079 | INFO | 🚀 spawn tracker HV82joBg
2025-06-08 00:17:50,082 | INFO | 🚀 spawn tracker 3VyYTmFB
2025-06-08 00:17:50,085 | INFO | 🚀 spawn tracker An3ZGCBt
2025-06-08 00:17:50,088 | INFO | 🚀 spawn tracker 9GNDwijL
2025-06-08 00:17:50,093 | INFO | 🚀 spawn tracker 2GwaD886
2025-06-08 00:17:50,097 | INFO | 🚀 spawn tracker 8XSi4eB2
2025-06-08 00:17:50,102 | INFO | 🚀 spawn tracker Gcb6nc8S
2025-06-08 00:17:50,111 | INFO | 🚀 spawn tracker Fdg9oTo8
2025-06-08 00:17:50,118 | INFO | 🚀 spawn tracker D1CncQJn
2025-06-08 00:17:50,129 | INFO | 🚀 spawn tracker 7om6LWZG
2025-06-08 00:17:50,140 | INFO | 🚀 spawn tracker 4Mrykz6z
2025-06-08 00:17:50,153 | INFO | 🚀 spawn tracker 5MyZVu31
2025-06-08 00:17:50,174 | INFO | 📊 active trackers: 15
2025-06-08 00:18:04,781 | INFO | 🚀 spawn tracker CNfjiqCj
2025-06-08 00:18:04,787 | INFO | 🚀 spawn tracker 6Nu7knGA
2025-06-08 00:18:04,792 | INFO | 🚀 spawn tracker Cv1VZEpC
2025-06-08 00:18:04,795 | INFO | 🚀 spawn tracker G9K39nvG
2025-06-08 00:18:04,800 | INFO | 🚀 spawn tracker 7cLHSqEt
2025-06-08 00:18:04,804 | INFO | 🚀 spawn tracker HsCFdWkT
2025-06-08 00:18:04,808 | INFO | 🚀 spawn tracker 3ZyKtZ2H
2025-06-08 00:18:04,814 | INFO | 🚀 spawn tracker HV82joBg
2025-06-08 00:18:04,817 | INFO | 🚀 spawn tracker 3VyYTmFB
2025-06-08 00:18:04,823 | INFO | 🚀 spawn tracker An3ZGCBt
2025-06-08 00:18:04,831 | INFO | 🚀 spawn tracker 9GNDwijL
2025-06-08 00:18:04,836 | INFO | 🚀 spawn tracker 2GwaD886
2025-06-08 00:18:04,853 | INFO | 🚀 spawn tracker 8XSi4eB2
2025-06-08 00:18:04,871 | INFO | 🚀 spawn tracker Gcb6nc8S
2025-06-08 00:18:04,903 | INFO | 🚀 spawn tracker Fdg9oTo8
2025-06-08 00:18:04,907 | INFO | 📊 active trackers: 15
2025-06-08 00:18:38,644 | INFO | 📊 active trackers: 15
2025-06-08 00:19:10,800 | INFO | 📊 active trackers: 15
