2025-06-10 05:39:58,464 | ERROR | Set MORALIS_API_KEY env var
2025-06-10 05:40:38,937 | INFO | 🚀 spawn tracker 3Cf8Swji
2025-06-10 05:40:38,945 | INFO | 🚀 spawn tracker AaiDQu5F
2025-06-10 05:40:38,949 | INFO | 🚀 spawn tracker 4r83LLfr
2025-06-10 05:40:38,953 | INFO | 🚀 spawn tracker 9nQAEJaE
2025-06-10 05:40:38,957 | INFO | 🚀 spawn tracker 42otYfhJ
2025-06-10 05:40:38,961 | INFO | 🚀 spawn tracker 3KHF2i6j
2025-06-10 05:40:38,966 | INFO | 🚀 spawn tracker EwSCEf9W
2025-06-10 05:40:38,974 | INFO | 🚀 spawn tracker BbkvEZ2K
2025-06-10 05:40:38,981 | INFO | 🚀 spawn tracker GgNdXsXU
2025-06-10 05:40:38,986 | INFO | 🚀 spawn tracker 8cPQ9KAH
2025-06-10 05:40:38,990 | INFO | 🚀 spawn tracker 8y61Kz27
2025-06-10 05:40:39,007 | INFO | 🚀 spawn tracker DuTiiWuB
2025-06-10 05:40:39,018 | INFO | 🚀 spawn tracker AW7dPZq6
2025-06-10 05:40:39,033 | INFO | 🚀 spawn tracker 2ZzrGrnm
2025-06-10 05:40:39,055 | INFO | 🚀 spawn tracker DLDZmY7c
2025-06-10 05:40:39,077 | INFO | 📊 active trackers: 15
2025-06-10 05:44:34,823 | INFO | 🚀 spawn tracker Ayudp1ju
2025-06-10 05:44:34,829 | INFO | 🚀 spawn tracker H29Wd7oQ
2025-06-10 05:44:34,834 | INFO | 🚀 spawn tracker J9tTJwuy
2025-06-10 05:44:34,839 | INFO | 🚀 spawn tracker 4EBU3rXk
2025-06-10 05:44:34,843 | INFO | 🚀 spawn tracker DkVS2kgc
2025-06-10 05:44:34,845 | INFO | 🚀 spawn tracker Ds3Vqouq
2025-06-10 05:44:34,848 | INFO | 🚀 spawn tracker 8SgWSGt9
2025-06-10 05:44:34,852 | INFO | 🚀 spawn tracker AxR17H1W
2025-06-10 05:44:34,860 | INFO | 🚀 spawn tracker 5SyF7bzV
2025-06-10 05:44:34,869 | INFO | 🚀 spawn tracker CyZf2rn8
2025-06-10 05:44:34,876 | INFO | 🚀 spawn tracker EC8wWdxb
2025-06-10 05:44:34,886 | INFO | 🚀 spawn tracker BiqLaV8N
2025-06-10 05:44:34,897 | INFO | 🚀 spawn tracker HzBWgxXn
2025-06-10 05:44:34,903 | INFO | 🚀 spawn tracker CgpkRpdu
2025-06-10 05:44:34,914 | INFO | 🚀 spawn tracker 3DLHQJv5
2025-06-10 05:44:34,926 | INFO | 📊 active trackers: 15
2025-06-10 05:45:07,857 | INFO | 📊 active trackers: 15
2025-06-10 05:45:40,279 | INFO | 📊 active trackers: 15
2025-06-10 05:46:14,320 | INFO | 📊 active trackers: 15
2025-06-10 05:46:46,664 | INFO | 📊 active trackers: 15
2025-06-10 05:47:19,267 | INFO | 📊 active trackers: 15
2025-06-10 05:47:54,525 | INFO | 📊 active trackers: 15
2025-06-10 05:48:27,726 | INFO | 📊 active trackers: 15
2025-06-10 05:49:00,373 | INFO | 📊 active trackers: 15
2025-06-10 05:49:32,465 | INFO | 📊 active trackers: 15
2025-06-10 05:50:05,706 | INFO | 📊 active trackers: 15
2025-06-10 05:50:37,979 | INFO | 📊 active trackers: 15
2025-06-10 05:51:11,332 | INFO | 📊 active trackers: 15
2025-06-10 05:51:43,415 | INFO | 📊 active trackers: 15
2025-06-10 05:52:16,313 | INFO | 📊 active trackers: 15
2025-06-10 05:52:48,455 | INFO | 📊 active trackers: 15
2025-06-10 05:53:20,833 | INFO | 📊 active trackers: 15
2025-06-10 05:53:55,183 | INFO | 📊 active trackers: 15
2025-06-10 05:54:28,695 | INFO | 📊 active trackers: 15
2025-06-10 05:55:00,417 | INFO | 📊 active trackers: 15
2025-06-10 05:55:33,054 | INFO | 📊 active trackers: 15
2025-06-10 05:56:06,350 | INFO | 📊 active trackers: 15
2025-06-10 05:56:38,913 | INFO | 📊 active trackers: 15
2025-06-10 05:57:11,384 | INFO | 📊 active trackers: 15
2025-06-10 05:57:44,396 | INFO | 📊 active trackers: 15
2025-06-10 05:58:16,348 | INFO | 📊 active trackers: 15
2025-06-10 05:58:51,612 | INFO | 📊 active trackers: 15
2025-06-10 05:59:25,115 | INFO | 📊 active trackers: 15
2025-06-10 05:59:55,116 | INFO | 💤 tracker finished 4EBU3rXk
2025-06-10 05:59:58,145 | INFO | 🚀 spawn tracker 6nqMNAn9
2025-06-10 05:59:58,152 | INFO | 📊 active trackers: 15
2025-06-10 06:00:30,205 | INFO | 📊 active trackers: 15
2025-06-10 06:01:05,188 | INFO | 📊 active trackers: 15
2025-06-10 06:01:37,631 | INFO | 📊 active trackers: 15
2025-06-10 06:02:10,758 | INFO | 📊 active trackers: 15
2025-06-10 06:02:43,446 | INFO | 📊 active trackers: 15
2025-06-10 06:03:15,537 | INFO | 📊 active trackers: 15
2025-06-10 06:03:47,590 | INFO | 📊 active trackers: 15
2025-06-10 06:04:19,843 | INFO | 📊 active trackers: 15
2025-06-10 06:04:54,162 | INFO | 📊 active trackers: 15
2025-06-10 06:09:57,780 | INFO | 🚀 spawn tracker ADCFSoxF
2025-06-10 06:09:57,785 | INFO | 🚀 spawn tracker Hu7KjfZU
2025-06-10 06:09:57,789 | INFO | 🚀 spawn tracker B3N95VsQ
2025-06-10 06:09:57,792 | INFO | 🚀 spawn tracker G6eQFyKC
2025-06-10 06:09:57,795 | INFO | 🚀 spawn tracker 8gRGnoMH
2025-06-10 06:09:57,798 | INFO | 🚀 spawn tracker 4yb5LXNY
2025-06-10 06:09:57,803 | INFO | 🚀 spawn tracker BJiVKB58
2025-06-10 06:09:57,805 | INFO | 🚀 spawn tracker BAkB4L7Y
2025-06-10 06:09:57,811 | INFO | 🚀 spawn tracker CV3rXLPX
2025-06-10 06:09:57,814 | INFO | 🚀 spawn tracker 67jDTLsi
2025-06-10 06:09:57,819 | INFO | 🚀 spawn tracker FPFjLHMW
2025-06-10 06:09:57,836 | INFO | 🚀 spawn tracker 6hubMtm8
2025-06-10 06:09:57,845 | INFO | 🚀 spawn tracker 3iuSSt5k
2025-06-10 06:09:57,871 | INFO | 🚀 spawn tracker 7PZSQpV7
2025-06-10 06:09:57,891 | INFO | 🚀 spawn tracker F6Z7N4sz
2025-06-10 06:09:57,913 | INFO | 📊 active trackers: 15
2025-06-10 06:10:18,202 | WARNING | Moralis HTTP 500
2025-06-10 06:10:18,203 | INFO | 📊 active trackers: 15
2025-06-10 06:10:38,220 | WARNING | Moralis HTTP 500
2025-06-10 06:10:38,221 | INFO | 📊 active trackers: 15
2025-06-10 06:10:58,429 | WARNING | Moralis HTTP 500
2025-06-10 06:10:58,433 | INFO | 📊 active trackers: 15
2025-06-10 06:11:15,886 | INFO | 📊 active trackers: 15
2025-06-10 06:11:32,871 | INFO | 📊 active trackers: 15
2025-06-10 06:11:50,382 | INFO | 📊 active trackers: 15
2025-06-10 06:12:07,632 | INFO | 📊 active trackers: 15
2025-06-10 06:12:24,892 | INFO | 📊 active trackers: 15
2025-06-10 06:12:42,666 | INFO | 📊 active trackers: 15
2025-06-10 06:13:00,177 | INFO | 📊 active trackers: 15
2025-06-10 06:13:19,692 | INFO | 📊 active trackers: 15
2025-06-10 06:13:36,870 | INFO | 📊 active trackers: 15
2025-06-10 06:13:56,604 | INFO | 📊 active trackers: 15
2025-06-10 06:14:13,896 | INFO | 📊 active trackers: 15
2025-06-10 06:14:32,607 | INFO | 📊 active trackers: 15
2025-06-10 06:14:49,699 | INFO | 📊 active trackers: 15
2025-06-10 06:15:08,152 | INFO | 📊 active trackers: 15
2025-06-10 06:15:25,705 | INFO | 📊 active trackers: 15
2025-06-10 06:15:43,220 | INFO | 📊 active trackers: 15
2025-06-10 06:16:00,310 | INFO | 📊 active trackers: 15
2025-06-10 06:16:17,755 | INFO | 📊 active trackers: 15
2025-06-10 06:16:34,807 | INFO | 📊 active trackers: 15
2025-06-10 06:16:54,465 | INFO | 📊 active trackers: 15
2025-06-10 06:17:11,846 | INFO | 📊 active trackers: 15
2025-06-10 06:17:29,566 | INFO | 📊 active trackers: 15
2025-06-10 06:17:47,884 | INFO | 📊 active trackers: 15
2025-06-10 06:18:06,128 | INFO | 📊 active trackers: 15
2025-06-10 06:18:23,627 | INFO | 📊 active trackers: 15
2025-06-10 06:18:41,304 | INFO | 📊 active trackers: 15
2025-06-10 06:18:58,288 | INFO | 📊 active trackers: 15
2025-06-10 06:19:15,279 | INFO | 📊 active trackers: 15
2025-06-10 06:19:32,211 | INFO | 📊 active trackers: 15
2025-06-10 06:19:50,415 | INFO | 📊 active trackers: 15
2025-06-10 06:20:52,385 | INFO | 🚀 spawn tracker Cu7dxopv
2025-06-10 06:20:52,388 | INFO | 🚀 spawn tracker 8TWAKqWn
2025-06-10 06:20:52,390 | INFO | 🚀 spawn tracker BRP2pk77
2025-06-10 06:20:52,393 | INFO | 🚀 spawn tracker 596cHJZG
2025-06-10 06:20:52,396 | INFO | 🚀 spawn tracker CvqWVAQH
2025-06-10 06:20:52,398 | INFO | 🚀 spawn tracker 8s3tXmdc
2025-06-10 06:20:52,402 | INFO | 🚀 spawn tracker HtPfkpsn
2025-06-10 06:20:52,404 | INFO | 🚀 spawn tracker DhViLPRc
2025-06-10 06:20:52,408 | INFO | 🚀 spawn tracker Ab34JEvz
2025-06-10 06:20:52,412 | INFO | 🚀 spawn tracker AHHfJqKG
2025-06-10 06:20:52,420 | INFO | 🚀 spawn tracker FscYdkXW
2025-06-10 06:20:52,425 | INFO | 🚀 spawn tracker BB2LDaov
2025-06-10 06:20:52,434 | INFO | 🚀 spawn tracker DYghZoG6
2025-06-10 06:20:52,462 | INFO | 🚀 spawn tracker CCZKmSx1
2025-06-10 06:20:52,471 | INFO | 🚀 spawn tracker 7TGKxZ1u
2025-06-10 06:20:52,495 | INFO | 📊 active trackers: 15
2025-06-10 06:21:14,933 | INFO | 📊 active trackers: 15
2025-06-10 06:21:37,641 | INFO | 📊 active trackers: 15
2025-06-10 06:22:00,092 | INFO | 📊 active trackers: 15
2025-06-10 06:22:24,184 | INFO | 📊 active trackers: 15
2025-06-10 06:22:47,345 | INFO | 📊 active trackers: 15
2025-06-10 06:23:09,925 | INFO | 📊 active trackers: 15
2025-06-10 06:26:44,723 | INFO | 🚀 spawn tracker E7bSSo2m
2025-06-10 06:26:44,729 | INFO | 🚀 spawn tracker Fpp2qfoR
2025-06-10 06:26:44,732 | INFO | 🚀 spawn tracker JE7hnP7k
2025-06-10 06:26:44,735 | INFO | 🚀 spawn tracker 9DHfDExv
2025-06-10 06:26:44,738 | INFO | 🚀 spawn tracker J3DTiz1x
2025-06-10 06:26:44,742 | INFO | 🚀 spawn tracker F44gaZMQ
2025-06-10 06:26:44,745 | INFO | 🚀 spawn tracker AS3jGpxo
2025-06-10 06:26:44,750 | INFO | 🚀 spawn tracker 3fhGqx4f
2025-06-10 06:26:44,754 | INFO | 🚀 spawn tracker HQhw7mUv
2025-06-10 06:26:44,761 | INFO | 🚀 spawn tracker 35y86vU1
2025-06-10 06:26:44,767 | INFO | 🚀 spawn tracker 3CAM9SX1
2025-06-10 06:26:44,771 | INFO | 🚀 spawn tracker ENMXtaYy
2025-06-10 06:26:44,781 | INFO | 🚀 spawn tracker C5Ng8hMz
2025-06-10 06:26:44,799 | INFO | 📊 active trackers: 13
2025-06-10 06:28:29,892 | INFO | 🚀 spawn tracker HPEW8ENL
2025-06-10 06:28:29,898 | INFO | 🚀 spawn tracker BPYt2j83
2025-06-10 06:28:29,901 | INFO | 🚀 spawn tracker CpHEN4x8
2025-06-10 06:28:29,904 | INFO | 🚀 spawn tracker DXM5XupA
2025-06-10 06:28:29,908 | INFO | 🚀 spawn tracker 7Jt9f1g5
2025-06-10 06:28:29,912 | INFO | 🚀 spawn tracker C5iga7ik
2025-06-10 06:28:29,916 | INFO | 🚀 spawn tracker ChSzSxcd
2025-06-10 06:28:29,918 | INFO | 🚀 spawn tracker FAkfQini
2025-06-10 06:28:29,922 | INFO | 🚀 spawn tracker 3UK3rebF
2025-06-10 06:28:29,928 | INFO | 🚀 spawn tracker Caqba6D4
2025-06-10 06:28:29,933 | INFO | 🚀 spawn tracker 2rGToJ8x
2025-06-10 06:28:29,943 | INFO | 📊 active trackers: 11
2025-06-10 06:28:49,945 | INFO | 💤 tracker finished FAkfQini
2025-06-10 06:28:52,879 | INFO | 🚀 spawn tracker 8HjZtS25
2025-06-10 06:28:52,882 | INFO | 🚀 spawn tracker GUTVXhu6
2025-06-10 06:28:52,884 | INFO | 🚀 spawn tracker 6qNwvH1b
2025-06-10 06:28:52,887 | INFO | 🚀 spawn tracker 9AWHRNRX
2025-06-10 06:28:52,889 | INFO | 🚀 spawn tracker 7f24dYAw
2025-06-10 06:28:52,893 | INFO | 📊 active trackers: 15
2025-06-10 06:29:12,894 | INFO | 💤 tracker finished 8HjZtS25
2025-06-10 06:29:12,895 | INFO | 💤 tracker finished GUTVXhu6
2025-06-10 06:29:12,895 | INFO | 💤 tracker finished 6qNwvH1b
2025-06-10 06:29:12,895 | INFO | 💤 tracker finished 9AWHRNRX
2025-06-10 06:29:12,895 | INFO | 💤 tracker finished 7f24dYAw
2025-06-10 06:29:16,256 | INFO | 🚀 spawn tracker 3MXHK7BD
2025-06-10 06:29:16,259 | INFO | 🚀 spawn tracker CGtAwLhD
2025-06-10 06:29:16,261 | INFO | 🚀 spawn tracker 7kvjrDsz
2025-06-10 06:29:16,264 | INFO | 🚀 spawn tracker GDU1ogQ8
2025-06-10 06:29:16,267 | INFO | 🚀 spawn tracker 8HjZtS25
2025-06-10 06:29:16,270 | INFO | 📊 active trackers: 15
2025-06-10 06:29:36,271 | INFO | 💤 tracker finished 3MXHK7BD
2025-06-10 06:29:36,272 | INFO | 💤 tracker finished CGtAwLhD
2025-06-10 06:29:36,272 | INFO | 💤 tracker finished 7kvjrDsz
2025-06-10 06:29:36,272 | INFO | 💤 tracker finished GDU1ogQ8
2025-06-10 06:29:36,272 | INFO | 💤 tracker finished 8HjZtS25
2025-06-10 06:29:38,689 | INFO | 🚀 spawn tracker Dw4JySpS
2025-06-10 06:29:38,692 | INFO | 🚀 spawn tracker JCkE4tzu
2025-06-10 06:29:38,693 | INFO | 🚀 spawn tracker 7NY7uZN2
2025-06-10 06:29:38,696 | INFO | 🚀 spawn tracker 3MXHK7BD
2025-06-10 06:29:38,699 | INFO | 🚀 spawn tracker CGtAwLhD
2025-06-10 06:29:38,702 | INFO | 📊 active trackers: 15
2025-06-10 06:29:58,703 | INFO | 💤 tracker finished Dw4JySpS
2025-06-10 06:29:58,704 | INFO | 💤 tracker finished JCkE4tzu
2025-06-10 06:29:58,704 | INFO | 💤 tracker finished 7NY7uZN2
2025-06-10 06:29:58,704 | INFO | 💤 tracker finished 3MXHK7BD
2025-06-10 06:29:58,704 | INFO | 💤 tracker finished CGtAwLhD
2025-06-10 06:30:01,158 | INFO | 🚀 spawn tracker AveMFzuV
2025-06-10 06:30:01,162 | INFO | 🚀 spawn tracker GPyawCj9
2025-06-10 06:30:01,166 | INFO | 🚀 spawn tracker Dmsu8aGW
2025-06-10 06:30:01,169 | INFO | 🚀 spawn tracker Dw4JySpS
2025-06-10 06:30:01,173 | INFO | 🚀 spawn tracker JCkE4tzu
2025-06-10 06:30:01,177 | INFO | 📊 active trackers: 15
2025-06-10 06:30:21,178 | INFO | 💤 tracker finished AveMFzuV
2025-06-10 06:30:21,179 | INFO | 💤 tracker finished GPyawCj9
2025-06-10 06:30:21,179 | INFO | 💤 tracker finished Dmsu8aGW
2025-06-10 06:30:21,179 | INFO | 💤 tracker finished Dw4JySpS
2025-06-10 06:30:21,179 | INFO | 💤 tracker finished JCkE4tzu
2025-06-10 06:30:23,658 | INFO | 🚀 spawn tracker AELEgoLB
2025-06-10 06:30:23,663 | INFO | 🚀 spawn tracker 8VpSGmLz
2025-06-10 06:30:23,667 | INFO | 🚀 spawn tracker 99BszXc6
2025-06-10 06:30:23,670 | INFO | 🚀 spawn tracker AveMFzuV
2025-06-10 06:30:23,674 | INFO | 🚀 spawn tracker GPyawCj9
2025-06-10 06:30:23,678 | INFO | 📊 active trackers: 15
2025-06-10 06:30:43,679 | INFO | 💤 tracker finished AELEgoLB
2025-06-10 06:30:43,680 | INFO | 💤 tracker finished 8VpSGmLz
2025-06-10 06:30:43,680 | INFO | 💤 tracker finished 99BszXc6
2025-06-10 06:30:43,680 | INFO | 💤 tracker finished AveMFzuV
2025-06-10 06:30:43,680 | INFO | 💤 tracker finished GPyawCj9
2025-06-10 06:30:46,027 | INFO | 🚀 spawn tracker 83Za75aW
2025-06-10 06:30:46,030 | INFO | 🚀 spawn tracker 7QGQmU2b
2025-06-10 06:30:46,033 | INFO | 🚀 spawn tracker Fkav6RW1
2025-06-10 06:30:46,036 | INFO | 🚀 spawn tracker AELEgoLB
2025-06-10 06:30:46,039 | INFO | 🚀 spawn tracker 8VpSGmLz
2025-06-10 06:30:46,042 | INFO | 📊 active trackers: 15
2025-06-10 06:33:22,361 | INFO | 🚀 spawn tracker DWqvT8u1
2025-06-10 06:33:22,367 | INFO | 🚀 spawn tracker 8codGnMQ
2025-06-10 06:33:22,370 | INFO | 🚀 spawn tracker HRu9hnWM
2025-06-10 06:33:22,374 | INFO | 🚀 spawn tracker 69oNrxxT
2025-06-10 06:33:22,379 | INFO | 🚀 spawn tracker EYZHThNw
2025-06-10 06:33:22,382 | INFO | 🚀 spawn tracker G4tzGPwD
2025-06-10 06:33:22,385 | INFO | 🚀 spawn tracker 6UCz7cke
2025-06-10 06:33:22,391 | INFO | 🚀 spawn tracker AmPAcxsf
2025-06-10 06:33:22,395 | INFO | 🚀 spawn tracker Da2KVCoE
2025-06-10 06:33:22,399 | INFO | 🚀 spawn tracker CGQRJA3g
2025-06-10 06:33:22,417 | INFO | 🚀 spawn tracker 6zEpC5z5
2025-06-10 06:33:22,421 | INFO | 🚀 spawn tracker 4YsF96Lk
2025-06-10 06:33:22,432 | INFO | 📊 active trackers: 12
2025-06-10 06:33:42,434 | INFO | 💤 tracker finished DWqvT8u1
2025-06-10 06:33:44,709 | INFO | 🚀 spawn tracker 6vzYhxxT
2025-06-10 06:33:44,712 | INFO | 🚀 spawn tracker CadSxR6c
2025-06-10 06:33:44,714 | INFO | 🚀 spawn tracker DuMpMcsa
2025-06-10 06:33:44,717 | INFO | 🚀 spawn tracker 9QJYfVby
2025-06-10 06:33:44,720 | INFO | 📊 active trackers: 15
2025-06-10 06:43:58,762 | INFO | 🚀 spawn tracker D9YSeEHY
2025-06-10 06:43:58,768 | INFO | 🚀 spawn tracker GDjiZTuf
2025-06-10 06:43:58,771 | INFO | 🚀 spawn tracker DCHgSER7
2025-06-10 06:43:58,775 | INFO | 🚀 spawn tracker 9PymteAy
2025-06-10 06:43:58,779 | INFO | 🚀 spawn tracker Hvy5aqVP
2025-06-10 06:43:58,782 | INFO | 🚀 spawn tracker HR1bbNV4
2025-06-10 06:43:58,785 | INFO | 🚀 spawn tracker GPKYNHie
2025-06-10 06:43:58,788 | INFO | 🚀 spawn tracker 7tqBuuyf
2025-06-10 06:43:58,793 | INFO | 🚀 spawn tracker 2YRHUH14
2025-06-10 06:43:58,801 | INFO | 🚀 spawn tracker 2MGBJdZ3
2025-06-10 06:43:58,803 | INFO | 🚀 spawn tracker DbS2sS6K
2025-06-10 06:43:58,811 | INFO | 🚀 spawn tracker 36YA2zTC
2025-06-10 06:43:58,831 | INFO | 🚀 spawn tracker 6xsehr3a
2025-06-10 06:43:58,858 | INFO | 🚀 spawn tracker 6ggEvjam
2025-06-10 06:43:58,868 | INFO | 🚀 spawn tracker AKC4s7Ak
2025-06-10 06:43:58,887 | INFO | 📊 active trackers: 15
2025-06-10 06:44:20,970 | INFO | 📊 active trackers: 15
2025-06-10 06:44:43,423 | INFO | 📊 active trackers: 15
2025-06-10 06:45:07,846 | INFO | 📊 active trackers: 15
2025-06-10 06:45:30,987 | INFO | 📊 active trackers: 15
2025-06-10 06:50:01,993 | INFO | 🚀 spawn tracker 3axXjmjj
2025-06-10 06:50:01,998 | INFO | 🚀 spawn tracker BhsnRsmk
2025-06-10 06:50:02,004 | INFO | 🚀 spawn tracker ChBe35R9
2025-06-10 06:50:02,009 | INFO | 🚀 spawn tracker 31UZqJNg
2025-06-10 06:50:02,014 | INFO | 🚀 spawn tracker G1HGj8Xy
2025-06-10 06:50:02,022 | INFO | 🚀 spawn tracker 9nF5R6fd
2025-06-10 06:50:02,027 | INFO | 🚀 spawn tracker GkJoBpdD
2025-06-10 06:50:02,039 | INFO | 🚀 spawn tracker A1LTcJAT
2025-06-10 06:50:02,043 | INFO | 🚀 spawn tracker Coqs8N3m
2025-06-10 06:50:02,059 | INFO | 🚀 spawn tracker E5Jcfynh
2025-06-10 06:50:02,067 | INFO | 🚀 spawn tracker 9W5Fdapf
2025-06-10 06:50:02,096 | INFO | 🚀 spawn tracker 5yq7WRmy
2025-06-10 06:50:02,105 | INFO | 🚀 spawn tracker 6of28dPR
2025-06-10 06:50:02,115 | INFO | 🚀 spawn tracker 4gQ36ann
2025-06-10 06:50:02,125 | INFO | 🚀 spawn tracker Fv5J32Ws
2025-06-10 06:50:02,139 | INFO | 📊 active trackers: 15
2025-06-10 06:50:24,437 | INFO | 📊 active trackers: 15
2025-06-10 06:50:46,741 | INFO | 📊 active trackers: 15
2025-06-10 06:51:08,852 | INFO | 📊 active trackers: 15
2025-06-10 06:51:30,904 | INFO | 📊 active trackers: 15
2025-06-10 06:51:57,419 | WARNING | Moralis HTTP 500
2025-06-10 06:51:57,424 | INFO | 📊 active trackers: 15
2025-06-10 06:52:19,959 | INFO | 📊 active trackers: 15
2025-06-10 06:52:43,087 | INFO | 📊 active trackers: 15
2025-06-10 06:53:07,973 | INFO | 📊 active trackers: 15
2025-06-10 07:01:25,056 | INFO | 🚀 spawn tracker EQonSwzd
2025-06-10 07:01:25,061 | INFO | 🚀 spawn tracker 6iMVswUd
2025-06-10 07:01:25,066 | INFO | 🚀 spawn tracker ACpccGbX
2025-06-10 07:01:25,079 | INFO | 🚀 spawn tracker 2yG2cjve
2025-06-10 07:01:25,082 | INFO | 🚀 spawn tracker 4fed2kBH
2025-06-10 07:01:25,088 | INFO | 🚀 spawn tracker 4VDVjcQL
2025-06-10 07:01:25,092 | INFO | 🚀 spawn tracker 8LARpb3F
2025-06-10 07:01:25,096 | INFO | 🚀 spawn tracker BX9emYHR
2025-06-10 07:01:25,099 | INFO | 🚀 spawn tracker 8jf2JA1M
2025-06-10 07:01:25,111 | INFO | 🚀 spawn tracker 3aLopkJ4
2025-06-10 07:01:25,119 | INFO | 🚀 spawn tracker Hy3WBE2P
2025-06-10 07:01:25,124 | INFO | 🚀 spawn tracker 9YFEDY4B
2025-06-10 07:01:25,140 | INFO | 🚀 spawn tracker 9ZodWsqV
2025-06-10 07:01:25,147 | INFO | 🚀 spawn tracker 93NMPh9g
2025-06-10 07:01:25,154 | INFO | 📊 active trackers: 14
2025-06-10 07:01:47,484 | INFO | 🚀 spawn tracker 7EutjZeX
2025-06-10 07:01:47,490 | INFO | 📊 active trackers: 15
2025-06-10 07:02:09,503 | INFO | 📊 active trackers: 15
2025-06-10 07:02:32,371 | INFO | 📊 active trackers: 15
2025-06-10 07:02:54,186 | INFO | 🚀 spawn tracker 3QUaTHXQ
2025-06-10 07:02:54,191 | INFO | 🚀 spawn tracker D6cRjdz2
2025-06-10 07:02:54,196 | INFO | 🚀 spawn tracker GtrzQxey
2025-06-10 07:02:54,201 | INFO | 🚀 spawn tracker BPc8RESs
2025-06-10 07:02:54,205 | INFO | 🚀 spawn tracker 7k4ufD2V
2025-06-10 07:02:54,208 | INFO | 🚀 spawn tracker 2eaSS5uM
2025-06-10 07:02:54,211 | INFO | 🚀 spawn tracker 7EutjZeX
2025-06-10 07:02:54,215 | INFO | 🚀 spawn tracker 5E2314kT
2025-06-10 07:02:54,218 | INFO | 🚀 spawn tracker EQonSwzd
2025-06-10 07:02:54,224 | INFO | 🚀 spawn tracker 6iMVswUd
2025-06-10 07:02:54,230 | INFO | 📊 active trackers: 10
2025-06-10 07:03:14,232 | INFO | 💤 tracker finished 2eaSS5uM
2025-06-10 07:03:16,479 | INFO | 🚀 spawn tracker 7zHFor3F
2025-06-10 07:03:16,482 | INFO | 🚀 spawn tracker 87hJiNK2
2025-06-10 07:03:16,485 | INFO | 🚀 spawn tracker 2eaSS5uM
2025-06-10 07:03:16,487 | INFO | 📊 active trackers: 12
2025-06-10 07:03:36,489 | INFO | 💤 tracker finished 87hJiNK2
2025-06-10 07:03:36,489 | INFO | 💤 tracker finished 2eaSS5uM
2025-06-10 07:03:39,709 | INFO | 🚀 spawn tracker 3oFDBWLN
2025-06-10 07:03:39,711 | INFO | 🚀 spawn tracker DS1xvtwb
2025-06-10 07:03:39,713 | INFO | 🚀 spawn tracker 89n9yyrv
2025-06-10 07:03:39,716 | INFO | 🚀 spawn tracker 3595xdA7
2025-06-10 07:03:39,719 | INFO | 🚀 spawn tracker 87hJiNK2
2025-06-10 07:03:39,722 | INFO | 📊 active trackers: 15
2025-06-10 07:03:59,725 | INFO | 💤 tracker finished 89n9yyrv
2025-06-10 07:03:59,726 | INFO | 💤 tracker finished 87hJiNK2
2025-06-10 07:04:02,357 | INFO | 🚀 spawn tracker Gn7mMPzq
2025-06-10 07:04:02,361 | INFO | 🚀 spawn tracker 8zZXUb4F
2025-06-10 07:04:02,365 | INFO | 📊 active trackers: 15
2025-06-10 07:04:22,367 | INFO | 💤 tracker finished Gn7mMPzq
2025-06-10 07:04:22,368 | INFO | 💤 tracker finished 8zZXUb4F
2025-06-10 07:04:24,971 | INFO | 🚀 spawn tracker 6aVQ38jb
2025-06-10 07:04:24,975 | INFO | 🚀 spawn tracker GLS8VY4q
2025-06-10 07:04:24,977 | INFO | 📊 active trackers: 15
2025-06-10 07:04:47,637 | INFO | 📊 active trackers: 15
2025-06-10 07:05:09,918 | INFO | 📊 active trackers: 15
2025-06-10 07:05:33,085 | INFO | 📊 active trackers: 15
2025-06-10 07:05:56,017 | INFO | 📊 active trackers: 15
2025-06-10 07:06:22,630 | WARNING | Moralis HTTP 500
2025-06-10 07:06:22,633 | INFO | 📊 active trackers: 15
2025-06-10 07:06:45,970 | INFO | 📊 active trackers: 15
2025-06-10 07:07:09,981 | INFO | 📊 active trackers: 15
2025-06-10 07:07:32,716 | INFO | 📊 active trackers: 15
2025-06-10 07:07:55,655 | INFO | 📊 active trackers: 15
2025-06-10 07:08:18,821 | INFO | 📊 active trackers: 15
2025-06-10 07:08:41,317 | INFO | 📊 active trackers: 15
2025-06-10 07:09:04,157 | INFO | 📊 active trackers: 15
2025-06-10 07:09:26,902 | INFO | 📊 active trackers: 15
2025-06-10 07:09:49,714 | INFO | 📊 active trackers: 15
2025-06-10 07:10:13,001 | INFO | 📊 active trackers: 15
2025-06-10 07:10:35,896 | INFO | 📊 active trackers: 15
2025-06-10 07:11:01,398 | WARNING | Moralis HTTP 500
2025-06-10 07:11:01,400 | INFO | 📊 active trackers: 15
2025-06-10 07:11:23,666 | INFO | 📊 active trackers: 15
2025-06-10 07:11:46,131 | INFO | 📊 active trackers: 15
2025-06-10 07:12:11,383 | INFO | 📊 active trackers: 15
2025-06-10 07:12:33,768 | INFO | 📊 active trackers: 15
2025-06-10 07:12:55,969 | INFO | 📊 active trackers: 15
2025-06-10 07:13:18,255 | INFO | 📊 active trackers: 15
2025-06-10 07:13:42,736 | INFO | 📊 active trackers: 15
2025-06-10 07:14:06,325 | INFO | 📊 active trackers: 15
2025-06-10 07:14:28,938 | INFO | 📊 active trackers: 15
2025-06-10 07:14:54,561 | INFO | 📊 active trackers: 15
2025-06-10 07:15:18,336 | INFO | 📊 active trackers: 15
2025-06-10 07:15:40,840 | INFO | 📊 active trackers: 15
2025-06-10 07:16:06,142 | WARNING | Moralis HTTP 500
2025-06-10 07:16:06,151 | INFO | 📊 active trackers: 15
2025-06-10 07:16:28,216 | INFO | 📊 active trackers: 15
2025-06-10 07:16:50,685 | INFO | 📊 active trackers: 15
2025-06-10 07:17:14,349 | INFO | 📊 active trackers: 15
2025-06-10 07:17:37,037 | INFO | 📊 active trackers: 15
2025-06-10 07:18:00,041 | INFO | 📊 active trackers: 15
2025-06-10 07:18:23,762 | INFO | 📊 active trackers: 15
2025-06-10 07:18:46,507 | INFO | 📊 active trackers: 15
2025-06-10 07:19:09,631 | INFO | 📊 active trackers: 15
2025-06-10 07:19:33,480 | INFO | 🚀 spawn tracker 9wa4yeWA
2025-06-10 07:19:33,484 | INFO | 🚀 spawn tracker 3K2Y1zac
2025-06-10 07:19:33,486 | INFO | 🚀 spawn tracker HiTr5Mpg
2025-06-10 07:19:33,489 | INFO | 🚀 spawn tracker AvnZW5Eq
2025-06-10 07:19:33,491 | INFO | 🚀 spawn tracker EWskgaRy
2025-06-10 07:19:33,495 | INFO | 🚀 spawn tracker 2mvDRJb7
2025-06-10 07:19:33,498 | INFO | 🚀 spawn tracker 3JNqrDvu
2025-06-10 07:19:33,504 | INFO | 🚀 spawn tracker 8tNvbR4t
2025-06-10 07:19:33,513 | INFO | 🚀 spawn tracker CDWqAmCH
2025-06-10 07:19:33,518 | INFO | 🚀 spawn tracker FWZLyuxp
2025-06-10 07:19:33,526 | INFO | 🚀 spawn tracker B99doTeA
2025-06-10 07:19:33,531 | INFO | 🚀 spawn tracker 4ZgfFvKe
2025-06-10 07:19:33,549 | INFO | 🚀 spawn tracker HsRfLyhv
2025-06-10 07:19:33,559 | INFO | 🚀 spawn tracker 5pumM1qH
2025-06-10 07:19:33,568 | INFO | 🚀 spawn tracker 2WKgMX5Q
2025-06-10 07:19:33,592 | INFO | 📊 active trackers: 15
2025-06-10 07:19:55,895 | INFO | 📊 active trackers: 15
2025-06-10 07:20:38,909 | INFO | 🚀 spawn tracker HNHfA687
2025-06-10 07:20:38,916 | INFO | 🚀 spawn tracker CfPeEgST
2025-06-10 07:20:38,919 | INFO | 🚀 spawn tracker FQS9Y3ZJ
2025-06-10 07:20:38,922 | INFO | 🚀 spawn tracker 52AuAkt9
2025-06-10 07:20:38,925 | INFO | 🚀 spawn tracker 6GD4oWpc
2025-06-10 07:20:38,929 | INFO | 🚀 spawn tracker CnGVd1RJ
2025-06-10 07:20:38,932 | INFO | 🚀 spawn tracker 8tYy9cAh
2025-06-10 07:20:38,935 | INFO | 🚀 spawn tracker Hosu6uqt
2025-06-10 07:20:38,939 | INFO | 🚀 spawn tracker 9wa4yeWA
2025-06-10 07:20:38,947 | INFO | 🚀 spawn tracker 3K2Y1zac
2025-06-10 07:20:38,957 | INFO | 🚀 spawn tracker HiTr5Mpg
2025-06-10 07:20:38,972 | INFO | 🚀 spawn tracker AvnZW5Eq
2025-06-10 07:20:38,978 | INFO | 📊 active trackers: 12
2025-06-10 07:21:02,515 | INFO | 📊 active trackers: 12
2025-06-10 07:21:26,291 | INFO | 🚀 spawn tracker FdAUima1
2025-06-10 07:21:26,295 | INFO | 🚀 spawn tracker F4q5kF1e
2025-06-10 07:21:26,298 | INFO | 🚀 spawn tracker AasUc17T
2025-06-10 07:21:26,303 | INFO | 📊 active trackers: 15
2025-06-10 07:21:49,263 | INFO | 🚀 spawn tracker B3PqveVy
2025-06-10 07:21:49,267 | INFO | 🚀 spawn tracker BP4cHAKr
2025-06-10 07:21:49,270 | INFO | 🚀 spawn tracker DqWnLBVr
2025-06-10 07:21:49,274 | INFO | 🚀 spawn tracker FdAUima1
2025-06-10 07:21:49,277 | INFO | 🚀 spawn tracker 7495yxFm
2025-06-10 07:21:49,281 | INFO | 🚀 spawn tracker F4q5kF1e
2025-06-10 07:21:49,286 | INFO | 🚀 spawn tracker AasUc17T
2025-06-10 07:21:49,290 | INFO | 🚀 spawn tracker EqpRvaNA
2025-06-10 07:21:49,295 | INFO | 🚀 spawn tracker HNHfA687
2025-06-10 07:21:49,302 | INFO | 🚀 spawn tracker CfPeEgST
2025-06-10 07:21:49,321 | INFO | 🚀 spawn tracker FQS9Y3ZJ
2025-06-10 07:21:49,332 | INFO | 🚀 spawn tracker 52AuAkt9
2025-06-10 07:21:49,360 | INFO | 📊 active trackers: 12
2025-06-10 07:22:11,741 | INFO | 🚀 spawn tracker BDNuYb8k
2025-06-10 07:22:11,745 | INFO | 🚀 spawn tracker 6hkCthur
2025-06-10 07:22:11,749 | INFO | 📊 active trackers: 14
2025-06-10 07:22:33,755 | INFO | 🚀 spawn tracker EBXb5cKf
2025-06-10 07:22:33,760 | INFO | 📊 active trackers: 15
2025-06-10 07:22:59,180 | INFO | 📊 active trackers: 15
2025-06-10 07:23:21,722 | INFO | 📊 active trackers: 15
2025-06-10 07:23:44,655 | INFO | 📊 active trackers: 15
2025-06-10 14:17:28,118 | ERROR | Set MORALIS_API_KEY env var
2025-06-10 14:17:47,695 | INFO | 🚀 spawn tracker GidF4izN
2025-06-10 14:17:47,701 | INFO | 🚀 spawn tracker FKSzv92r
2025-06-10 14:17:47,705 | INFO | 🚀 spawn tracker FUVCQE1b
2025-06-10 14:17:47,709 | INFO | 🚀 spawn tracker C7DmRTZ3
2025-06-10 14:17:47,715 | INFO | 🚀 spawn tracker DN6iXVqw
2025-06-10 14:17:47,719 | INFO | 🚀 spawn tracker F6kivVCH
2025-06-10 14:17:47,722 | INFO | 🚀 spawn tracker 52e7rCp5
2025-06-10 14:17:47,768 | INFO | 🚀 spawn tracker AjjQf7Ak
2025-06-10 14:17:47,774 | INFO | 🚀 spawn tracker CR636xkJ
2025-06-10 14:17:47,793 | INFO | 🚀 spawn tracker 7WNAgwMt
2025-06-10 14:17:47,804 | INFO | 🚀 spawn tracker 889D39HS
2025-06-10 14:17:47,809 | INFO | 🚀 spawn tracker 3V84qimE
2025-06-10 14:17:47,820 | INFO | 🚀 spawn tracker 8Apq1DKL
2025-06-10 14:17:47,826 | INFO | 🚀 spawn tracker D97SjGJK
2025-06-10 14:17:47,838 | INFO | 🚀 spawn tracker 94SkFV3o
2025-06-10 14:17:47,850 | INFO | 📊 active trackers: 15
2025-06-10 14:18:07,861 | INFO | 💤 tracker finished F6kivVCH
2025-06-10 14:18:11,317 | INFO | 🚀 spawn tracker GTwrSE6m
2025-06-10 14:18:11,320 | INFO | 📊 active trackers: 15
2025-06-10 14:18:31,321 | INFO | 💤 tracker finished GTwrSE6m
2025-06-10 14:18:36,440 | INFO | 🚀 spawn tracker 2q79dmbf
2025-06-10 14:18:36,443 | INFO | 📊 active trackers: 15
2025-06-10 14:18:56,444 | INFO | 💤 tracker finished 2q79dmbf
2025-06-10 14:18:58,580 | INFO | 🚀 spawn tracker 2q79dmbf
2025-06-10 14:18:58,585 | INFO | 📊 active trackers: 15
2025-06-10 14:19:18,587 | INFO | 💤 tracker finished 2q79dmbf
2025-06-10 14:19:20,808 | INFO | 🚀 spawn tracker 2q79dmbf
2025-06-10 14:19:20,813 | INFO | 📊 active trackers: 15
2025-06-10 14:19:40,813 | INFO | 💤 tracker finished 2q79dmbf
2025-06-10 14:19:42,744 | INFO | 🚀 spawn tracker 4gsEQTUD
2025-06-10 14:19:42,749 | INFO | 📊 active trackers: 15
2025-06-10 14:20:02,751 | INFO | 💤 tracker finished 4gsEQTUD
2025-06-10 14:20:08,189 | WARNING | Moralis HTTP 500
2025-06-10 14:20:08,191 | INFO | 📊 active trackers: 14
2025-06-10 14:20:31,381 | INFO | 🚀 spawn tracker ABL9ER5j
2025-06-10 14:20:31,388 | INFO | 📊 active trackers: 15
2025-06-10 14:20:51,389 | INFO | 💤 tracker finished ABL9ER5j
2025-06-10 14:20:54,996 | INFO | 🚀 spawn tracker EZCW7cA3
2025-06-10 14:20:54,998 | INFO | 📊 active trackers: 15
2025-06-10 14:21:15,000 | INFO | 💤 tracker finished EZCW7cA3
2025-06-10 14:21:17,961 | INFO | 🚀 spawn tracker FWvC8Fu3
2025-06-10 14:21:17,963 | INFO | 📊 active trackers: 15
