2025-06-08 00:17:50,689 | INFO | RPC ready
2025-06-08 00:17:50,692 | INFO | 📡 HV82joBg… sampler started
2025-06-08 00:17:50,701 | INFO | ⏰ heartbeat | active=1
2025-06-08 00:17:50,795 | INFO | RPC ready
2025-06-08 00:17:50,796 | INFO | RPC ready
2025-06-08 00:17:50,797 | INFO | 📡 An3ZGCBt… sampler started
2025-06-08 00:17:50,798 | INFO | 📡 7cLHSqEt… sampler started
2025-06-08 00:17:50,808 | INFO | ⏰ heartbeat | active=1
2025-06-08 00:17:50,810 | INFO | ⏰ heartbeat | active=1
2025-06-08 00:17:50,824 | INFO | RPC ready
2025-06-08 00:17:50,825 | INFO | RPC ready
2025-06-08 00:17:50,827 | INFO | 📡 HsCFdWkT… sampler started
2025-06-08 00:17:50,831 | INFO | 📡 3ZyKtZ2H… sampler started
2025-06-08 00:17:50,836 | INFO | RPC ready
2025-06-08 00:17:50,842 | INFO | ⏰ heartbeat | active=1
2025-06-08 00:17:50,840 | INFO | 📡 3VyYTmFB… sampler started
2025-06-08 00:17:50,848 | INFO | ⏰ heartbeat | active=1
2025-06-08 00:17:50,851 | INFO | ⏰ heartbeat | active=1
2025-06-08 00:17:50,868 | INFO | RPC ready
2025-06-08 00:17:50,870 | INFO | RPC ready
2025-06-08 00:17:50,872 | INFO | RPC ready
2025-06-08 00:17:50,873 | INFO | RPC ready
2025-06-08 00:17:50,871 | INFO | 📡 9GNDwijL… sampler started
2025-06-08 00:17:50,870 | INFO | 📡 Fdg9oTo8… sampler started
2025-06-08 00:17:50,874 | INFO | 📡 8XSi4eB2… sampler started
2025-06-08 00:17:50,874 | INFO | 📡 D1CncQJn… sampler started
2025-06-08 00:17:50,882 | INFO | ⏰ heartbeat | active=1
2025-06-08 00:17:50,883 | INFO | ⏰ heartbeat | active=1
2025-06-08 00:17:50,884 | INFO | ⏰ heartbeat | active=1
2025-06-08 00:17:50,885 | INFO | ⏰ heartbeat | active=1
2025-06-08 00:17:50,899 | INFO | RPC ready
2025-06-08 00:17:50,901 | INFO | 📡 2GwaD886… sampler started
2025-06-08 00:17:50,911 | INFO | RPC ready
2025-06-08 00:17:50,914 | INFO | ⏰ heartbeat | active=1
2025-06-08 00:17:50,915 | INFO | RPC ready
2025-06-08 00:17:50,912 | INFO | 📡 Gcb6nc8S… sampler started
2025-06-08 00:17:50,920 | INFO | ⏰ heartbeat | active=1
2025-06-08 00:17:50,918 | INFO | 📡 4Mrykz6z… sampler started
2025-06-08 00:17:50,923 | INFO | RPC ready
2025-06-08 00:17:50,926 | INFO | ⏰ heartbeat | active=1
2025-06-08 00:17:50,925 | INFO | 📡 7om6LWZG… sampler started
2025-06-08 00:17:50,932 | INFO | ⏰ heartbeat | active=1
2025-06-08 00:17:50,948 | INFO | RPC ready
2025-06-08 00:17:50,949 | INFO | 📡 5MyZVu31… sampler started
2025-06-08 00:17:50,956 | INFO | ⏰ heartbeat | active=1
2025-06-08 00:17:54,012 | INFO | ✅ sampler done Fdg9oTo8
2025-06-08 00:17:54,012 | INFO | ✅ sampler done 3VyYTmFB
2025-06-08 00:17:54,012 | INFO | ✅ sampler done Gcb6nc8S
2025-06-08 00:17:54,012 | INFO | ✅ sampler done 7om6LWZG
2025-06-08 00:17:54,012 | INFO | ✅ sampler done 9GNDwijL
2025-06-08 00:17:54,012 | INFO | ✅ sampler done An3ZGCBt
2025-06-08 00:17:54,012 | INFO | ✅ sampler done 5MyZVu31
2025-06-08 00:17:54,012 | INFO | ✅ sampler done 2GwaD886
2025-06-08 00:17:54,012 | INFO | ✅ sampler done 4Mrykz6z
2025-06-08 00:17:54,012 | INFO | ✅ sampler done 8XSi4eB2
2025-06-08 00:17:54,012 | INFO | ✅ sampler done 3ZyKtZ2H
2025-06-08 00:17:54,012 | INFO | ✅ sampler done D1CncQJn
2025-06-08 00:17:54,012 | INFO | ✅ sampler done HV82joBg
2025-06-08 00:17:54,013 | INFO | ✅ sampler done 7cLHSqEt
2025-06-08 00:17:54,013 | INFO | ✅ sampler done HsCFdWkT
2025-06-08 00:18:05,380 | INFO | RPC ready
2025-06-08 00:18:05,381 | INFO | 📡 6Nu7knGA… sampler started
2025-06-08 00:18:05,396 | INFO | ⏰ heartbeat | active=1
2025-06-08 00:18:05,415 | INFO | RPC ready
2025-06-08 00:18:05,416 | INFO | 📡 CNfjiqCj… sampler started
2025-06-08 00:18:05,423 | INFO | ⏰ heartbeat | active=1
2025-06-08 00:18:05,431 | INFO | RPC ready
2025-06-08 00:18:05,434 | INFO | RPC ready
2025-06-08 00:18:05,433 | INFO | 📡 7cLHSqEt… sampler started
2025-06-08 00:18:05,440 | INFO | ⏰ heartbeat | active=1
2025-06-08 00:18:05,435 | INFO | 📡 G9K39nvG… sampler started
2025-06-08 00:18:05,449 | INFO | ⏰ heartbeat | active=1
2025-06-08 00:18:05,457 | INFO | RPC ready
2025-06-08 00:18:05,458 | INFO | RPC ready
2025-06-08 00:18:05,461 | INFO | RPC ready
2025-06-08 00:18:05,462 | INFO | RPC ready
2025-06-08 00:18:05,459 | INFO | 📡 Cv1VZEpC… sampler started
2025-06-08 00:18:05,460 | INFO | 📡 8XSi4eB2… sampler started
2025-06-08 00:18:05,462 | INFO | 📡 Gcb6nc8S… sampler started
2025-06-08 00:18:05,466 | INFO | ⏰ heartbeat | active=1
2025-06-08 00:18:05,467 | INFO | ⏰ heartbeat | active=1
2025-06-08 00:18:05,463 | INFO | 📡 3ZyKtZ2H… sampler started
2025-06-08 00:18:05,471 | INFO | ⏰ heartbeat | active=1
2025-06-08 00:18:05,471 | INFO | RPC ready
2025-06-08 00:18:05,472 | INFO | RPC ready
2025-06-08 00:18:05,474 | INFO | ⏰ heartbeat | active=1
2025-06-08 00:18:05,474 | INFO | 📡 HV82joBg… sampler started
2025-06-08 00:18:05,473 | INFO | 📡 An3ZGCBt… sampler started
2025-06-08 00:18:05,482 | INFO | ⏰ heartbeat | active=1
2025-06-08 00:18:05,486 | INFO | ⏰ heartbeat | active=1
2025-06-08 00:18:05,495 | INFO | RPC ready
2025-06-08 00:18:05,498 | INFO | RPC ready
2025-06-08 00:18:05,498 | INFO | RPC ready
2025-06-08 00:18:05,496 | INFO | 📡 HsCFdWkT… sampler started
2025-06-08 00:18:05,502 | INFO | RPC ready
2025-06-08 00:18:05,499 | INFO | 📡 2GwaD886… sampler started
2025-06-08 00:18:05,503 | INFO | ⏰ heartbeat | active=1
2025-06-08 00:18:05,499 | INFO | 📡 Fdg9oTo8… sampler started
2025-06-08 00:18:05,506 | INFO | ⏰ heartbeat | active=1
2025-06-08 00:18:05,507 | INFO | ⏰ heartbeat | active=1
2025-06-08 00:18:05,503 | INFO | 📡 9GNDwijL… sampler started
2025-06-08 00:18:05,509 | INFO | RPC ready
2025-06-08 00:18:05,510 | INFO | ⏰ heartbeat | active=1
2025-06-08 00:18:05,511 | INFO | 📡 3VyYTmFB… sampler started
2025-06-08 00:18:05,517 | INFO | ⏰ heartbeat | active=1
2025-06-08 00:19:28,383 | INFO | ✅ sampler done HV82joBg
2025-06-08 00:19:28,384 | INFO | ✅ sampler done CNfjiqCj
2025-06-08 00:19:28,385 | INFO | ✅ sampler done An3ZGCBt
2025-06-08 00:19:28,385 | INFO | ✅ sampler done 3ZyKtZ2H
2025-06-08 00:19:28,385 | INFO | ✅ sampler done G9K39nvG
2025-06-08 00:19:28,384 | INFO | ✅ sampler done HsCFdWkT
2025-06-08 00:19:28,385 | INFO | ✅ sampler done Gcb6nc8S
2025-06-08 00:19:28,386 | INFO | ✅ sampler done 7cLHSqEt
2025-06-08 00:19:28,387 | INFO | ✅ sampler done Cv1VZEpC
2025-06-08 00:19:28,387 | INFO | ✅ sampler done 6Nu7knGA
2025-06-08 00:19:28,387 | INFO | ✅ sampler done 8XSi4eB2
2025-06-08 00:19:28,387 | INFO | ✅ sampler done 2GwaD886
2025-06-08 00:19:28,387 | INFO | ✅ sampler done 3VyYTmFB
2025-06-08 00:19:28,388 | INFO | ✅ sampler done Fdg9oTo8
2025-06-08 00:19:28,389 | INFO | ✅ sampler done 9GNDwijL
